0 info it worked if it ends with ok
1 verbose cli [ 'C:\\Program Files\\nodejs\\node.exe',
1 verbose cli   'C:\\Program Files\\nodejs\\node_modules\\npm\\bin\\npm-cli.js',
1 verbose cli   'i',
1 verbose cli   'readline',
1 verbose cli   '--save' ]
2 info using npm@3.10.10
3 info using node@v6.11.4
4 silly loadCurrentTree Starting
5 silly install loadCurrentTree
6 silly install readLocalPackageData
7 silly fetchPackageMetaData readline
8 silly fetchNamedPackageData readline
9 silly mapToRegistry name readline
10 silly mapToRegistry using default registry
11 silly mapToRegistry registry https://registry.npmjs.org/
12 silly mapToRegistry data Result {
12 silly mapToRegistry   raw: 'readline',
12 silly mapToRegistry   scope: null,
12 silly mapToRegistry   escapedName: 'readline',
12 silly mapToRegistry   name: 'readline',
12 silly mapToRegistry   rawSpec: '',
12 silly mapToRegistry   spec: 'latest',
12 silly mapToRegistry   type: 'tag' }
13 silly mapToRegistry uri https://registry.npmjs.org/readline
14 verbose request uri https://registry.npmjs.org/readline
15 verbose request no auth needed
16 info attempt registry request try #1 at 2:53:38 PM
17 verbose request id 37311e910219f00f
18 http request GET https://registry.npmjs.org/readline
19 http 200 https://registry.npmjs.org/readline
20 verbose headers { server: 'nginx/1.10.3',
20 verbose headers   'content-type': 'application/json',
20 verbose headers   'last-modified': 'Wed, 11 Oct 2017 15:49:20 GMT',
20 verbose headers   etag: 'W/"59de3d80-3dbe"',
20 verbose headers   'content-encoding': 'gzip',
20 verbose headers   'cache-control': 'max-age=300',
20 verbose headers   'content-length': '2824',
20 verbose headers   'accept-ranges': 'bytes',
20 verbose headers   date: 'Thu, 09 Nov 2017 08:53:47 GMT',
20 verbose headers   via: '1.1 varnish',
20 verbose headers   age: '0',
20 verbose headers   connection: 'keep-alive',
20 verbose headers   'x-served-by': 'cache-sin18027-SIN',
20 verbose headers   'x-cache': 'MISS',
20 verbose headers   'x-cache-hits': '0',
20 verbose headers   'x-timer': 'S1510217627.000496,VS0,VE137',
20 verbose headers   vary: 'Accept-Encoding, Accept' }
21 silly get cb [ 200,
21 silly get   { server: 'nginx/1.10.3',
21 silly get     'content-type': 'application/json',
21 silly get     'last-modified': 'Wed, 11 Oct 2017 15:49:20 GMT',
21 silly get     etag: 'W/"59de3d80-3dbe"',
21 silly get     'content-encoding': 'gzip',
21 silly get     'cache-control': 'max-age=300',
21 silly get     'content-length': '2824',
21 silly get     'accept-ranges': 'bytes',
21 silly get     date: 'Thu, 09 Nov 2017 08:53:47 GMT',
21 silly get     via: '1.1 varnish',
21 silly get     age: '0',
21 silly get     connection: 'keep-alive',
21 silly get     'x-served-by': 'cache-sin18027-SIN',
21 silly get     'x-cache': 'MISS',
21 silly get     'x-cache-hits': '0',
21 silly get     'x-timer': 'S1510217627.000496,VS0,VE137',
21 silly get     vary: 'Accept-Encoding, Accept' } ]
22 verbose get saving readline to C:\Users\Prio\AppData\Roaming\npm-cache\registry.npmjs.org\readline\.cache.json
23 verbose correctMkdir C:\Users\Prio\AppData\Roaming\npm-cache correctMkdir not in flight; initializing
24 silly install normalizeTree
25 silly loadCurrentTree Finishing
26 silly loadIdealTree Starting
27 silly install loadIdealTree
28 silly cloneCurrentTree Starting
29 silly install cloneCurrentTreeToIdealTree
30 silly cloneCurrentTree Finishing
31 silly loadShrinkwrap Starting
32 silly install loadShrinkwrap
33 silly loadShrinkwrap Finishing
34 silly loadAllDepsIntoIdealTree Starting
35 silly install loadAllDepsIntoIdealTree
36 silly resolveWithNewModule readline@1.3.0 checking installable status
37 silly cache add args [ 'readline', null ]
38 verbose cache add spec readline
39 silly cache add parsed spec Result {
39 silly cache add   raw: 'readline',
39 silly cache add   scope: null,
39 silly cache add   escapedName: 'readline',
39 silly cache add   name: 'readline',
39 silly cache add   rawSpec: '',
39 silly cache add   spec: 'latest',
39 silly cache add   type: 'tag' }
40 silly addNamed readline@latest
41 verbose addNamed "latest" is being treated as a dist-tag for readline
42 info addNameTag [ 'readline', 'latest' ]
43 silly mapToRegistry name readline
44 silly mapToRegistry using default registry
45 silly mapToRegistry registry https://registry.npmjs.org/
46 silly mapToRegistry data Result {
46 silly mapToRegistry   raw: 'readline',
46 silly mapToRegistry   scope: null,
46 silly mapToRegistry   escapedName: 'readline',
46 silly mapToRegistry   name: 'readline',
46 silly mapToRegistry   rawSpec: '',
46 silly mapToRegistry   spec: 'latest',
46 silly mapToRegistry   type: 'tag' }
47 silly mapToRegistry uri https://registry.npmjs.org/readline
48 verbose addNameTag registry:https://registry.npmjs.org/readline not in flight; fetching
49 verbose get https://registry.npmjs.org/readline not expired, no request
50 silly addNameTag next cb for readline with tag latest
51 silly addNamed readline@1.3.0
52 verbose addNamed "1.3.0" is a plain semver version for readline
53 silly mapToRegistry name readline
54 silly mapToRegistry using default registry
55 silly mapToRegistry registry https://registry.npmjs.org/
56 silly mapToRegistry data Result {
56 silly mapToRegistry   raw: 'readline',
56 silly mapToRegistry   scope: null,
56 silly mapToRegistry   escapedName: 'readline',
56 silly mapToRegistry   name: 'readline',
56 silly mapToRegistry   rawSpec: '',
56 silly mapToRegistry   spec: 'latest',
56 silly mapToRegistry   type: 'tag' }
57 silly mapToRegistry uri https://registry.npmjs.org/readline
58 verbose addRemoteTarball https://registry.npmjs.org/readline/-/readline-1.3.0.tgz not in flight; adding
59 verbose addRemoteTarball [ 'https://registry.npmjs.org/readline/-/readline-1.3.0.tgz',
59 verbose addRemoteTarball   'c580d77ef2cfc8752b132498060dc9793a7ac01c' ]
60 info retry fetch attempt 1 at 2:53:47 PM
61 info attempt registry request try #1 at 2:53:47 PM
62 http fetch GET https://registry.npmjs.org/readline/-/readline-1.3.0.tgz
63 http fetch 200 https://registry.npmjs.org/readline/-/readline-1.3.0.tgz
64 verbose stack Error: kill ENOSYS
64 verbose stack     at Object.exports._errnoException (util.js:1020:11)
64 verbose stack     at process.kill (internal/process.js:191:18)
64 verbose stack     at process.listener (C:\Program Files\nodejs\node_modules\npm\node_modules\npmlog\node_modules\gauge\node_modules\signal-exit\index.js:86:15)
64 verbose stack     at emitNone (events.js:91:20)
64 verbose stack     at process.emit (events.js:185:7)
64 verbose stack     at processEmit (C:\Program Files\nodejs\node_modules\npm\node_modules\npmlog\node_modules\gauge\node_modules\signal-exit\index.js:146:32)
64 verbose stack     at processEmit (C:\Program Files\nodejs\node_modules\npm\node_modules\npm-registry-client\node_modules\npmlog\node_modules\gauge\node_modules\signal-exit\index.js:146:32)
64 verbose stack     at Signal.wrap.onsignal (internal/process.js:217:44)
65 verbose cwd F:\DATASOFT\Sajjad Vai\mqtt
66 error Windows_NT 10.0.15063
67 error argv "C:\\Program Files\\nodejs\\node.exe" "C:\\Program Files\\nodejs\\node_modules\\npm\\bin\\npm-cli.js" "i" "readline" "--save"
68 error node v6.11.4
69 error npm  v3.10.10
70 error code ENOSYS
71 error errno ENOSYS
72 error syscall kill
73 error kill ENOSYS
74 error If you need help, you may report this error at:
74 error     <https://github.com/npm/npm/issues>
75 verbose exit [ 1, true ]
